<?xml version="1.0" encoding="UTF-8"?>
<testng-results skipped="0" failed="1" ignored="0" total="2" passed="1">
  <reporter-output>
    <line>
      <![CDATA[Test failed: loginToOrangeHRM]]>
    </line>
    <line>
      <![CDATA[<br><img alt='screenshot' src='../src/test/screenshots/loginToOrangeHRM2023-04-24T14:50:34.341.jpg' height='540' width='960'/><br>]]>
    </line>
  </reporter-output>
  <suite name="test screenshot functionalities" duration-ms="17997" started-at="2023-04-24T14:50:17 EDT" finished-at="2023-04-24T14:50:35 EDT">
    <groups>
    </groups>
    <test name="test screenshot using testng listeners" duration-ms="17997" started-at="2023-04-24T14:50:17 EDT" finished-at="2023-04-24T14:50:35 EDT">
      <class name="screenshot_demo.tests.ScreenshotTest">
        <test-method status="PASS" signature="setupDriver(java.lang.String)[pri:0, instance:screenshot_demo.tests.ScreenshotTest@63753b6d]" name="setupDriver" is-config="true" duration-ms="4285" started-at="2023-04-24T14:50:17 EDT" finished-at="2023-04-24T14:50:21 EDT">
          <params>
            <param index="0">
              <value>
                <![CDATA[firefox]]>
              </value>
            </param>
          </params>
          <reporter-output>
          </reporter-output>
        </test-method> <!-- setupDriver -->
        <test-method status="PASS" signature="setupDriver(java.lang.String)[pri:0, instance:screenshot_demo.tests.ScreenshotTest@63753b6d]" name="setupDriver" is-config="true" duration-ms="4285" started-at="2023-04-24T14:50:17 EDT" finished-at="2023-04-24T14:50:21 EDT">
          <params>
            <param index="0">
              <value>
                <![CDATA[firefox]]>
              </value>
            </param>
          </params>
          <reporter-output>
          </reporter-output>
        </test-method> <!-- setupDriver -->
        <test-method status="FAIL" signature="loginToOrangeHRM(java.lang.String,java.lang.String)[pri:0, instance:screenshot_demo.tests.ScreenshotTest@63753b6d]" name="loginToOrangeHRM" duration-ms="12800" started-at="2023-04-24T14:50:21 EDT" data-provider="userCredentialsProvider" finished-at="2023-04-24T14:50:34 EDT">
          <params>
            <param index="0">
              <value>
                <![CDATA[test]]>
              </value>
            </param>
            <param index="1">
              <value>
                <![CDATA[test123]]>
              </value>
            </param>
          </params>
          <exception class="org.openqa.selenium.NoSuchElementException">
            <message>
              <![CDATA[Unable to locate element: //img[@alt = 'profile picture']
For documentation on this error, please visit: https://www.seleniumhq.org/exceptions/no_such_element.html
Build info: version: '3.141.59', revision: 'e82be7d358', time: '2018-11-14T08:17:03'
System info: host: 'Yuanfans-MBP', ip: 'fe80:0:0:0:cb9:964d:9bf4:1437%en0', os.name: 'Mac OS X', os.arch: 'x86_64', os.version: '13.3', java.version: '1.8.0_362-internal'
Driver info: org.openqa.selenium.firefox.FirefoxDriver
Capabilities {acceptInsecureCerts: true, browserName: firefox, browserVersion: 111.0, javascriptEnabled: true, moz:accessibilityChecks: false, moz:buildID: 20230309232128, moz:geckodriverVersion: 0.33.0, moz:headless: false, moz:platformVersion: 22.4.0, moz:processID: 83642, moz:profile: /var/folders/_g/wvnrjs_d06d..., moz:shutdownTimeout: 60000, moz:useNonSpecCompliantPointerOrigin: false, moz:webdriverClick: true, moz:windowless: false, pageLoadStrategy: normal, platform: MAC, platformName: MAC, proxy: Proxy(), setWindowRect: true, strictFileInteractability: false, timeouts: {implicit: 0, pageLoad: 300000, script: 30000}, unhandledPromptBehavior: dismiss and notify}
Session ID: dd1f64d7-66b5-4a3d-ac6c-2f912669b528
*** Element info: {Using=xpath, value=//img[@alt = 'profile picture']}]]>
            </message>
            <full-stacktrace>
              <![CDATA[org.openqa.selenium.NoSuchElementException: Unable to locate element: //img[@alt = 'profile picture']
For documentation on this error, please visit: https://www.seleniumhq.org/exceptions/no_such_element.html
Build info: version: '3.141.59', revision: 'e82be7d358', time: '2018-11-14T08:17:03'
System info: host: 'Yuanfans-MBP', ip: 'fe80:0:0:0:cb9:964d:9bf4:1437%en0', os.name: 'Mac OS X', os.arch: 'x86_64', os.version: '13.3', java.version: '1.8.0_362-internal'
Driver info: org.openqa.selenium.firefox.FirefoxDriver
Capabilities {acceptInsecureCerts: true, browserName: firefox, browserVersion: 111.0, javascriptEnabled: true, moz:accessibilityChecks: false, moz:buildID: 20230309232128, moz:geckodriverVersion: 0.33.0, moz:headless: false, moz:platformVersion: 22.4.0, moz:processID: 83642, moz:profile: /var/folders/_g/wvnrjs_d06d..., moz:shutdownTimeout: 60000, moz:useNonSpecCompliantPointerOrigin: false, moz:webdriverClick: true, moz:windowless: false, pageLoadStrategy: normal, platform: MAC, platformName: MAC, proxy: Proxy(), setWindowRect: true, strictFileInteractability: false, timeouts: {implicit: 0, pageLoad: 300000, script: 30000}, unhandledPromptBehavior: dismiss and notify}
Session ID: dd1f64d7-66b5-4a3d-ac6c-2f912669b528
*** Element info: {Using=xpath, value=//img[@alt = 'profile picture']}
at sun.reflect.NativeConstructorAccessorImpl.newInstance0(Native Method)
at sun.reflect.NativeConstructorAccessorImpl.newInstance(NativeConstructorAccessorImpl.java:62)
at sun.reflect.DelegatingConstructorAccessorImpl.newInstance(DelegatingConstructorAccessorImpl.java:45)
at java.lang.reflect.Constructor.newInstance(Constructor.java:423)
at org.openqa.selenium.remote.http.W3CHttpResponseCodec.createException(W3CHttpResponseCodec.java:187)
at org.openqa.selenium.remote.http.W3CHttpResponseCodec.decode(W3CHttpResponseCodec.java:122)
at org.openqa.selenium.remote.http.W3CHttpResponseCodec.decode(W3CHttpResponseCodec.java:49)
at org.openqa.selenium.remote.HttpCommandExecutor.execute(HttpCommandExecutor.java:158)
at org.openqa.selenium.remote.service.DriverCommandExecutor.execute(DriverCommandExecutor.java:83)
at org.openqa.selenium.remote.RemoteWebDriver.execute(RemoteWebDriver.java:552)
at org.openqa.selenium.remote.RemoteWebDriver.findElement(RemoteWebDriver.java:323)
at org.openqa.selenium.remote.RemoteWebDriver.findElementByXPath(RemoteWebDriver.java:428)
at org.openqa.selenium.By$ByXPath.findElement(By.java:353)
at org.openqa.selenium.remote.RemoteWebDriver.findElement(RemoteWebDriver.java:315)
at screenshot_demo.tests.ScreenshotTest.loginToOrangeHRM(ScreenshotTest.java:19)
at sun.reflect.NativeMethodAccessorImpl.invoke0(Native Method)
at sun.reflect.NativeMethodAccessorImpl.invoke(NativeMethodAccessorImpl.java:62)
at sun.reflect.DelegatingMethodAccessorImpl.invoke(DelegatingMethodAccessorImpl.java:43)
at java.lang.reflect.Method.invoke(Method.java:498)
at org.testng.internal.MethodInvocationHelper.invokeMethod(MethodInvocationHelper.java:133)
at org.testng.internal.TestInvoker.invokeMethod(TestInvoker.java:598)
at org.testng.internal.TestInvoker.invokeTestMethod(TestInvoker.java:173)
at org.testng.internal.TestMethodWithDataProviderMethodWorker.call(TestMethodWithDataProviderMethodWorker.java:77)
at org.testng.internal.TestMethodWithDataProviderMethodWorker.call(TestMethodWithDataProviderMethodWorker.java:15)
at java.util.concurrent.FutureTask.run(FutureTask.java:266)
at java.util.concurrent.Executors$RunnableAdapter.call(Executors.java:511)
at java.util.concurrent.FutureTask.run(FutureTask.java:266)
at java.util.concurrent.ThreadPoolExecutor.runWorker(ThreadPoolExecutor.java:1149)
at java.util.concurrent.ThreadPoolExecutor$Worker.run(ThreadPoolExecutor.java:624)
at java.lang.Thread.run(Thread.java:750)
]]>
            </full-stacktrace>
          </exception> <!-- org.openqa.selenium.NoSuchElementException -->
          <reporter-output>
            <line>
              <![CDATA[Test failed: loginToOrangeHRM]]>
            </line>
            <line>
              <![CDATA[<br><img alt='screenshot' src='../src/test/screenshots/loginToOrangeHRM2023-04-24T14:50:34.341.jpg' height='540' width='960'/><br>]]>
            </line>
          </reporter-output>
        </test-method> <!-- loginToOrangeHRM -->
        <test-method status="PASS" signature="loginToOrangeHRM(java.lang.String,java.lang.String)[pri:0, instance:screenshot_demo.tests.ScreenshotTest@63753b6d]" name="loginToOrangeHRM" duration-ms="10702" started-at="2023-04-24T14:50:21 EDT" data-provider="userCredentialsProvider" finished-at="2023-04-24T14:50:32 EDT">
          <params>
            <param index="0">
              <value>
                <![CDATA[Admin]]>
              </value>
            </param>
            <param index="1">
              <value>
                <![CDATA[admin123]]>
              </value>
            </param>
          </params>
          <reporter-output>
          </reporter-output>
        </test-method> <!-- loginToOrangeHRM -->
        <test-method status="PASS" signature="tearDown()[pri:0, instance:screenshot_demo.tests.ScreenshotTest@63753b6d]" name="tearDown" is-config="true" duration-ms="396" started-at="2023-04-24T14:50:32 EDT" finished-at="2023-04-24T14:50:32 EDT">
          <reporter-output>
          </reporter-output>
        </test-method> <!-- tearDown -->
        <test-method status="PASS" signature="tearDown()[pri:0, instance:screenshot_demo.tests.ScreenshotTest@63753b6d]" name="tearDown" is-config="true" duration-ms="484" started-at="2023-04-24T14:50:34 EDT" finished-at="2023-04-24T14:50:35 EDT">
          <reporter-output>
          </reporter-output>
        </test-method> <!-- tearDown -->
      </class> <!-- screenshot_demo.tests.ScreenshotTest -->
    </test> <!-- test screenshot using testng listeners -->
  </suite> <!-- test screenshot functionalities -->
</testng-results>
